2023-06-07 19:00:35,692  INFO [main] BaseClass:41 - Entered before test api
2023-06-07 19:00:41,567  INFO [main] BaseClass:41 - Entered before test api
2023-06-07 19:00:43,255  INFO [main] BaseClass:41 - Entered before test api
2023-06-07 19:00:44,293  INFO [main] BaseClass:41 - Entered before test api
2023-06-07 19:00:46,243 DEBUG [main] cache:45 - Couldn't find template in cache for "spark/spark.spa.ftl"("en_IN", UTF-8, parsed); will try to load it.
2023-06-07 19:00:46,245 DEBUG [main] cache:45 - TemplateLoader.findTemplateSource("spark/spark.spa_en_IN.ftl"): Not found
2023-06-07 19:00:46,248 DEBUG [main] cache:45 - TemplateLoader.findTemplateSource("spark/spark.spa_en.ftl"): Not found
2023-06-07 19:00:46,250 DEBUG [main] cache:45 - TemplateLoader.findTemplateSource("spark/spark.spa.ftl"): Found
2023-06-07 19:00:46,250 DEBUG [main] cache:45 - Loading template for "spark/spark.spa.ftl"("en_IN", UTF-8, parsed) from "jar:file:/C:/Users/goshal.prasad/.m2/repository/com/aventstack/extentreports/5.0.8/extentreports-5.0.8.jar!/com/aventstack/extentreports/templates/spark/spark.spa.ftl"
2023-06-07 19:00:46,362 DEBUG [main] cache:45 - Couldn't find template in cache for "commons/commons-variables.ftl"("en_IN", UTF-8, parsed); will try to load it.
2023-06-07 19:00:46,363 DEBUG [main] cache:45 - TemplateLoader.findTemplateSource("commons/commons-variables_en_IN.ftl"): Not found
2023-06-07 19:00:46,364 DEBUG [main] cache:45 - TemplateLoader.findTemplateSource("commons/commons-variables_en.ftl"): Not found
2023-06-07 19:00:46,365 DEBUG [main] cache:45 - TemplateLoader.findTemplateSource("commons/commons-variables.ftl"): Found
2023-06-07 19:00:46,365 DEBUG [main] cache:45 - Loading template for "commons/commons-variables.ftl"("en_IN", UTF-8, parsed) from "jar:file:/C:/Users/goshal.prasad/.m2/repository/com/aventstack/extentreports/5.0.8/extentreports-5.0.8.jar!/com/aventstack/extentreports/templates/commons/commons-variables.ftl"
2023-06-07 19:00:46,534 DEBUG [main] cache:45 - Couldn't find template in cache for "commons/commons-macros.ftl"("en_IN", UTF-8, parsed); will try to load it.
2023-06-07 19:00:46,537 DEBUG [main] cache:45 - TemplateLoader.findTemplateSource("commons/commons-macros_en_IN.ftl"): Not found
2023-06-07 19:00:46,542 DEBUG [main] cache:45 - TemplateLoader.findTemplateSource("commons/commons-macros_en.ftl"): Not found
2023-06-07 19:00:46,543 DEBUG [main] cache:45 - TemplateLoader.findTemplateSource("commons/commons-macros.ftl"): Found
2023-06-07 19:00:46,543 DEBUG [main] cache:45 - Loading template for "commons/commons-macros.ftl"("en_IN", UTF-8, parsed) from "jar:file:/C:/Users/goshal.prasad/.m2/repository/com/aventstack/extentreports/5.0.8/extentreports-5.0.8.jar!/com/aventstack/extentreports/templates/commons/commons-macros.ftl"
2023-06-07 19:00:46,557 DEBUG [main] cache:45 - Couldn't find template in cache for "spark/macros/attributes.ftl"("en_IN", UTF-8, parsed); will try to load it.
2023-06-07 19:00:46,558 DEBUG [main] cache:45 - TemplateLoader.findTemplateSource("spark/macros/attributes_en_IN.ftl"): Not found
2023-06-07 19:00:46,558 DEBUG [main] cache:45 - TemplateLoader.findTemplateSource("spark/macros/attributes_en.ftl"): Not found
2023-06-07 19:00:46,559 DEBUG [main] cache:45 - TemplateLoader.findTemplateSource("spark/macros/attributes.ftl"): Found
2023-06-07 19:00:46,559 DEBUG [main] cache:45 - Loading template for "spark/macros/attributes.ftl"("en_IN", UTF-8, parsed) from "jar:file:/C:/Users/goshal.prasad/.m2/repository/com/aventstack/extentreports/5.0.8/extentreports-5.0.8.jar!/com/aventstack/extentreports/templates/spark/macros/attributes.ftl"
2023-06-07 19:00:46,563 DEBUG [main] cache:45 - Couldn't find template in cache for "spark/macros/log.ftl"("en_IN", UTF-8, parsed); will try to load it.
2023-06-07 19:00:46,563 DEBUG [main] cache:45 - TemplateLoader.findTemplateSource("spark/macros/log_en_IN.ftl"): Not found
2023-06-07 19:00:46,564 DEBUG [main] cache:45 - TemplateLoader.findTemplateSource("spark/macros/log_en.ftl"): Not found
2023-06-07 19:00:46,565 DEBUG [main] cache:45 - TemplateLoader.findTemplateSource("spark/macros/log.ftl"): Found
2023-06-07 19:00:46,565 DEBUG [main] cache:45 - Loading template for "spark/macros/log.ftl"("en_IN", UTF-8, parsed) from "jar:file:/C:/Users/goshal.prasad/.m2/repository/com/aventstack/extentreports/5.0.8/extentreports-5.0.8.jar!/com/aventstack/extentreports/templates/spark/macros/log.ftl"
2023-06-07 19:00:46,567 DEBUG [main] cache:45 - Couldn't find template in cache for "spark/macros/recurse_nodes.ftl"("en_IN", UTF-8, parsed); will try to load it.
2023-06-07 19:00:46,569 DEBUG [main] cache:45 - TemplateLoader.findTemplateSource("spark/macros/recurse_nodes_en_IN.ftl"): Not found
2023-06-07 19:00:46,571 DEBUG [main] cache:45 - TemplateLoader.findTemplateSource("spark/macros/recurse_nodes_en.ftl"): Not found
2023-06-07 19:00:46,572 DEBUG [main] cache:45 - TemplateLoader.findTemplateSource("spark/macros/recurse_nodes.ftl"): Found
2023-06-07 19:00:46,573 DEBUG [main] cache:45 - Loading template for "spark/macros/recurse_nodes.ftl"("en_IN", UTF-8, parsed) from "jar:file:/C:/Users/goshal.prasad/.m2/repository/com/aventstack/extentreports/5.0.8/extentreports-5.0.8.jar!/com/aventstack/extentreports/templates/spark/macros/recurse_nodes.ftl"
2023-06-07 19:00:46,578 DEBUG [main] cache:45 - "spark/macros/log.ftl"("en_IN", UTF-8, parsed) cached copy not yet stale; using cached.
2023-06-07 19:00:46,579 DEBUG [main] cache:45 - Couldn't find template in cache for "spark/macros/attr-common.ftl"("en_IN", UTF-8, parsed); will try to load it.
2023-06-07 19:00:46,580 DEBUG [main] cache:45 - TemplateLoader.findTemplateSource("spark/macros/attr-common_en_IN.ftl"): Not found
2023-06-07 19:00:46,581 DEBUG [main] cache:45 - TemplateLoader.findTemplateSource("spark/macros/attr-common_en.ftl"): Not found
2023-06-07 19:00:46,581 DEBUG [main] cache:45 - TemplateLoader.findTemplateSource("spark/macros/attr-common.ftl"): Found
2023-06-07 19:00:46,582 DEBUG [main] cache:45 - Loading template for "spark/macros/attr-common.ftl"("en_IN", UTF-8, parsed) from "jar:file:/C:/Users/goshal.prasad/.m2/repository/com/aventstack/extentreports/5.0.8/extentreports-5.0.8.jar!/com/aventstack/extentreports/templates/spark/macros/attr-common.ftl"
2023-06-07 19:00:46,600 DEBUG [main] cache:45 - Couldn't find template in cache for "spark/partials/head.ftl"("en_IN", UTF-8, parsed); will try to load it.
2023-06-07 19:00:46,603 DEBUG [main] cache:45 - TemplateLoader.findTemplateSource("spark/partials/head_en_IN.ftl"): Not found
2023-06-07 19:00:46,605 DEBUG [main] cache:45 - TemplateLoader.findTemplateSource("spark/partials/head_en.ftl"): Not found
2023-06-07 19:00:46,606 DEBUG [main] cache:45 - TemplateLoader.findTemplateSource("spark/partials/head.ftl"): Found
2023-06-07 19:00:46,606 DEBUG [main] cache:45 - Loading template for "spark/partials/head.ftl"("en_IN", UTF-8, parsed) from "jar:file:/C:/Users/goshal.prasad/.m2/repository/com/aventstack/extentreports/5.0.8/extentreports-5.0.8.jar!/com/aventstack/extentreports/templates/spark/partials/head.ftl"
2023-06-07 19:00:46,616 DEBUG [main] cache:45 - Couldn't find template in cache for "commons/commons-inject-css.ftl"("en_IN", UTF-8, parsed); will try to load it.
2023-06-07 19:00:46,617 DEBUG [main] cache:45 - TemplateLoader.findTemplateSource("commons/commons-inject-css_en_IN.ftl"): Not found
2023-06-07 19:00:46,618 DEBUG [main] cache:45 - TemplateLoader.findTemplateSource("commons/commons-inject-css_en.ftl"): Not found
2023-06-07 19:00:46,620 DEBUG [main] cache:45 - TemplateLoader.findTemplateSource("commons/commons-inject-css.ftl"): Found
2023-06-07 19:00:46,621 DEBUG [main] cache:45 - Loading template for "commons/commons-inject-css.ftl"("en_IN", UTF-8, parsed) from "jar:file:/C:/Users/goshal.prasad/.m2/repository/com/aventstack/extentreports/5.0.8/extentreports-5.0.8.jar!/com/aventstack/extentreports/templates/commons/commons-inject-css.ftl"
2023-06-07 19:00:46,623 DEBUG [main] cache:45 - Couldn't find template in cache for "spark/partials/navbar.ftl"("en_IN", UTF-8, parsed); will try to load it.
2023-06-07 19:00:46,624 DEBUG [main] cache:45 - TemplateLoader.findTemplateSource("spark/partials/navbar_en_IN.ftl"): Not found
2023-06-07 19:00:46,625 DEBUG [main] cache:45 - TemplateLoader.findTemplateSource("spark/partials/navbar_en.ftl"): Not found
2023-06-07 19:00:46,626 DEBUG [main] cache:45 - TemplateLoader.findTemplateSource("spark/partials/navbar.ftl"): Found
2023-06-07 19:00:46,626 DEBUG [main] cache:45 - Loading template for "spark/partials/navbar.ftl"("en_IN", UTF-8, parsed) from "jar:file:/C:/Users/goshal.prasad/.m2/repository/com/aventstack/extentreports/5.0.8/extentreports-5.0.8.jar!/com/aventstack/extentreports/templates/spark/partials/navbar.ftl"
2023-06-07 19:00:46,638 DEBUG [main] cache:45 - Couldn't find template in cache for "spark/partials/sidenav.ftl"("en_IN", UTF-8, parsed); will try to load it.
2023-06-07 19:00:46,639 DEBUG [main] cache:45 - TemplateLoader.findTemplateSource("spark/partials/sidenav_en_IN.ftl"): Not found
2023-06-07 19:00:46,640 DEBUG [main] cache:45 - TemplateLoader.findTemplateSource("spark/partials/sidenav_en.ftl"): Not found
2023-06-07 19:00:46,641 DEBUG [main] cache:45 - TemplateLoader.findTemplateSource("spark/partials/sidenav.ftl"): Found
2023-06-07 19:00:46,641 DEBUG [main] cache:45 - Loading template for "spark/partials/sidenav.ftl"("en_IN", UTF-8, parsed) from "jar:file:/C:/Users/goshal.prasad/.m2/repository/com/aventstack/extentreports/5.0.8/extentreports-5.0.8.jar!/com/aventstack/extentreports/templates/spark/partials/sidenav.ftl"
2023-06-07 19:00:46,661 DEBUG [main] cache:45 - Couldn't find template in cache for "spark/partials/test.ftl"("en_IN", UTF-8, parsed); will try to load it.
2023-06-07 19:00:46,662 DEBUG [main] cache:45 - TemplateLoader.findTemplateSource("spark/partials/test_en_IN.ftl"): Not found
2023-06-07 19:00:46,663 DEBUG [main] cache:45 - TemplateLoader.findTemplateSource("spark/partials/test_en.ftl"): Not found
2023-06-07 19:00:46,664 DEBUG [main] cache:45 - TemplateLoader.findTemplateSource("spark/partials/test.ftl"): Found
2023-06-07 19:00:46,664 DEBUG [main] cache:45 - Loading template for "spark/partials/test.ftl"("en_IN", UTF-8, parsed) from "jar:file:/C:/Users/goshal.prasad/.m2/repository/com/aventstack/extentreports/5.0.8/extentreports-5.0.8.jar!/com/aventstack/extentreports/templates/spark/partials/test.ftl"
2023-06-07 19:00:46,698 DEBUG [main] cache:45 - Couldn't find template in cache for "spark/partials/bdd-content.ftl"("en_IN", UTF-8, parsed); will try to load it.
2023-06-07 19:00:46,699 DEBUG [main] cache:45 - TemplateLoader.findTemplateSource("spark/partials/bdd-content_en_IN.ftl"): Not found
2023-06-07 19:00:46,701 DEBUG [main] cache:45 - TemplateLoader.findTemplateSource("spark/partials/bdd-content_en.ftl"): Not found
2023-06-07 19:00:46,702 DEBUG [main] cache:45 - TemplateLoader.findTemplateSource("spark/partials/bdd-content.ftl"): Found
2023-06-07 19:00:46,703 DEBUG [main] cache:45 - Loading template for "spark/partials/bdd-content.ftl"("en_IN", UTF-8, parsed) from "jar:file:/C:/Users/goshal.prasad/.m2/repository/com/aventstack/extentreports/5.0.8/extentreports-5.0.8.jar!/com/aventstack/extentreports/templates/spark/partials/bdd-content.ftl"
2023-06-07 19:00:46,724 DEBUG [main] cache:45 - "spark/partials/bdd-content.ftl"("en_IN", UTF-8, parsed) cached copy not yet stale; using cached.
2023-06-07 19:00:46,730 DEBUG [main] cache:45 - "spark/partials/bdd-content.ftl"("en_IN", UTF-8, parsed) cached copy not yet stale; using cached.
2023-06-07 19:00:46,734 DEBUG [main] cache:45 - "spark/partials/bdd-content.ftl"("en_IN", UTF-8, parsed) cached copy not yet stale; using cached.
2023-06-07 19:00:46,740 DEBUG [main] cache:45 - Couldn't find template in cache for "spark/partials/exception.ftl"("en_IN", UTF-8, parsed); will try to load it.
2023-06-07 19:00:46,741 DEBUG [main] cache:45 - TemplateLoader.findTemplateSource("spark/partials/exception_en_IN.ftl"): Not found
2023-06-07 19:00:46,742 DEBUG [main] cache:45 - TemplateLoader.findTemplateSource("spark/partials/exception_en.ftl"): Not found
2023-06-07 19:00:46,743 DEBUG [main] cache:45 - TemplateLoader.findTemplateSource("spark/partials/exception.ftl"): Found
2023-06-07 19:00:46,744 DEBUG [main] cache:45 - Loading template for "spark/partials/exception.ftl"("en_IN", UTF-8, parsed) from "jar:file:/C:/Users/goshal.prasad/.m2/repository/com/aventstack/extentreports/5.0.8/extentreports-5.0.8.jar!/com/aventstack/extentreports/templates/spark/partials/exception.ftl"
2023-06-07 19:00:46,748 DEBUG [main] cache:45 - Couldn't find template in cache for "spark/partials/category.ftl"("en_IN", UTF-8, parsed); will try to load it.
2023-06-07 19:00:46,749 DEBUG [main] cache:45 - TemplateLoader.findTemplateSource("spark/partials/category_en_IN.ftl"): Not found
2023-06-07 19:00:46,749 DEBUG [main] cache:45 - TemplateLoader.findTemplateSource("spark/partials/category_en.ftl"): Not found
2023-06-07 19:00:46,750 DEBUG [main] cache:45 - TemplateLoader.findTemplateSource("spark/partials/category.ftl"): Found
2023-06-07 19:00:46,750 DEBUG [main] cache:45 - Loading template for "spark/partials/category.ftl"("en_IN", UTF-8, parsed) from "jar:file:/C:/Users/goshal.prasad/.m2/repository/com/aventstack/extentreports/5.0.8/extentreports-5.0.8.jar!/com/aventstack/extentreports/templates/spark/partials/category.ftl"
2023-06-07 19:00:46,763 DEBUG [main] cache:45 - Couldn't find template in cache for "spark/partials/device.ftl"("en_IN", UTF-8, parsed); will try to load it.
2023-06-07 19:00:46,763 DEBUG [main] cache:45 - TemplateLoader.findTemplateSource("spark/partials/device_en_IN.ftl"): Not found
2023-06-07 19:00:46,764 DEBUG [main] cache:45 - TemplateLoader.findTemplateSource("spark/partials/device_en.ftl"): Not found
2023-06-07 19:00:46,765 DEBUG [main] cache:45 - TemplateLoader.findTemplateSource("spark/partials/device.ftl"): Found
2023-06-07 19:00:46,765 DEBUG [main] cache:45 - Loading template for "spark/partials/device.ftl"("en_IN", UTF-8, parsed) from "jar:file:/C:/Users/goshal.prasad/.m2/repository/com/aventstack/extentreports/5.0.8/extentreports-5.0.8.jar!/com/aventstack/extentreports/templates/spark/partials/device.ftl"
2023-06-07 19:00:46,767 DEBUG [main] cache:45 - Couldn't find template in cache for "spark/partials/author.ftl"("en_IN", UTF-8, parsed); will try to load it.
2023-06-07 19:00:46,767 DEBUG [main] cache:45 - TemplateLoader.findTemplateSource("spark/partials/author_en_IN.ftl"): Not found
2023-06-07 19:00:46,768 DEBUG [main] cache:45 - TemplateLoader.findTemplateSource("spark/partials/author_en.ftl"): Not found
2023-06-07 19:00:46,770 DEBUG [main] cache:45 - TemplateLoader.findTemplateSource("spark/partials/author.ftl"): Found
2023-06-07 19:00:46,770 DEBUG [main] cache:45 - Loading template for "spark/partials/author.ftl"("en_IN", UTF-8, parsed) from "jar:file:/C:/Users/goshal.prasad/.m2/repository/com/aventstack/extentreports/5.0.8/extentreports-5.0.8.jar!/com/aventstack/extentreports/templates/spark/partials/author.ftl"
2023-06-07 19:00:46,774 DEBUG [main] cache:45 - Couldn't find template in cache for "spark/partials/log.ftl"("en_IN", UTF-8, parsed); will try to load it.
2023-06-07 19:00:46,775 DEBUG [main] cache:45 - TemplateLoader.findTemplateSource("spark/partials/log_en_IN.ftl"): Not found
2023-06-07 19:00:46,776 DEBUG [main] cache:45 - TemplateLoader.findTemplateSource("spark/partials/log_en.ftl"): Not found
2023-06-07 19:00:46,777 DEBUG [main] cache:45 - TemplateLoader.findTemplateSource("spark/partials/log.ftl"): Found
2023-06-07 19:00:46,777 DEBUG [main] cache:45 - Loading template for "spark/partials/log.ftl"("en_IN", UTF-8, parsed) from "jar:file:/C:/Users/goshal.prasad/.m2/repository/com/aventstack/extentreports/5.0.8/extentreports-5.0.8.jar!/com/aventstack/extentreports/templates/spark/partials/log.ftl"
2023-06-07 19:00:46,780 DEBUG [main] cache:45 - Couldn't find template in cache for "spark/partials/dashboard.ftl"("en_IN", UTF-8, parsed); will try to load it.
2023-06-07 19:00:46,781 DEBUG [main] cache:45 - TemplateLoader.findTemplateSource("spark/partials/dashboard_en_IN.ftl"): Not found
2023-06-07 19:00:46,781 DEBUG [main] cache:45 - TemplateLoader.findTemplateSource("spark/partials/dashboard_en.ftl"): Not found
2023-06-07 19:00:46,782 DEBUG [main] cache:45 - TemplateLoader.findTemplateSource("spark/partials/dashboard.ftl"): Found
2023-06-07 19:00:46,783 DEBUG [main] cache:45 - Loading template for "spark/partials/dashboard.ftl"("en_IN", UTF-8, parsed) from "jar:file:/C:/Users/goshal.prasad/.m2/repository/com/aventstack/extentreports/5.0.8/extentreports-5.0.8.jar!/com/aventstack/extentreports/templates/spark/partials/dashboard.ftl"
2023-06-07 19:00:46,863 DEBUG [main] cache:45 - Couldn't find template in cache for "spark/partials/scripts.ftl"("en_IN", UTF-8, parsed); will try to load it.
2023-06-07 19:00:46,865 DEBUG [main] cache:45 - TemplateLoader.findTemplateSource("spark/partials/scripts_en_IN.ftl"): Not found
2023-06-07 19:00:46,866 DEBUG [main] cache:45 - TemplateLoader.findTemplateSource("spark/partials/scripts_en.ftl"): Not found
2023-06-07 19:00:46,867 DEBUG [main] cache:45 - TemplateLoader.findTemplateSource("spark/partials/scripts.ftl"): Found
2023-06-07 19:00:46,868 DEBUG [main] cache:45 - Loading template for "spark/partials/scripts.ftl"("en_IN", UTF-8, parsed) from "jar:file:/C:/Users/goshal.prasad/.m2/repository/com/aventstack/extentreports/5.0.8/extentreports-5.0.8.jar!/com/aventstack/extentreports/templates/spark/partials/scripts.ftl"
2023-06-07 19:00:46,872 DEBUG [main] cache:45 - Couldn't find template in cache for "commons/commons-inject-js.ftl"("en_IN", UTF-8, parsed); will try to load it.
2023-06-07 19:00:46,873 DEBUG [main] cache:45 - TemplateLoader.findTemplateSource("commons/commons-inject-js_en_IN.ftl"): Not found
2023-06-07 19:00:46,874 DEBUG [main] cache:45 - TemplateLoader.findTemplateSource("commons/commons-inject-js_en.ftl"): Not found
2023-06-07 19:00:46,874 DEBUG [main] cache:45 - TemplateLoader.findTemplateSource("commons/commons-inject-js.ftl"): Found
2023-06-07 19:00:46,875 DEBUG [main] cache:45 - Loading template for "commons/commons-inject-js.ftl"("en_IN", UTF-8, parsed) from "jar:file:/C:/Users/goshal.prasad/.m2/repository/com/aventstack/extentreports/5.0.8/extentreports-5.0.8.jar!/com/aventstack/extentreports/templates/commons/commons-inject-js.ftl"
