2023-05-26 18:36:53,445 DEBUG [main] InternalLoggerFactory:89 - Using Log4J as the default logging framework
2023-05-26 18:36:53,460 DEBUG [main] ResourceLeakDetector:129 - -Dio.netty.leakDetection.level: simple
2023-05-26 18:36:53,462 DEBUG [main] ResourceLeakDetector:130 - -Dio.netty.leakDetection.targetRecords: 4
2023-05-26 18:36:53,474 DEBUG [main] ResourceLeakDetectorFactory:196 - Loaded default ResourceLeakDetector: io.netty.util.ResourceLeakDetector@1b005a0b
2023-05-26 18:36:53,515 DEBUG [main] PlatformDependent0:496 - -Dio.netty.noUnsafe: false
2023-05-26 18:36:53,516 DEBUG [main] PlatformDependent0:1000 - Java version: 17
2023-05-26 18:36:53,518 DEBUG [main] PlatformDependent0:137 - sun.misc.Unsafe.theUnsafe: available
2023-05-26 18:36:53,562 DEBUG [main] PlatformDependent0:161 - sun.misc.Unsafe.copyMemory: available
2023-05-26 18:36:53,563 DEBUG [main] PlatformDependent0:193 - sun.misc.Unsafe.storeFence: available
2023-05-26 18:36:53,565 DEBUG [main] PlatformDependent0:236 - java.nio.Buffer.address: available
2023-05-26 18:36:53,566 DEBUG [main] PlatformDependent0:320 - direct buffer constructor: unavailable: Reflective setAccessible(true) disabled
2023-05-26 18:36:53,569 DEBUG [main] PlatformDependent0:385 - java.nio.Bits.unaligned: available, true
2023-05-26 18:36:53,572 DEBUG [main] PlatformDependent0:452 - jdk.internal.misc.Unsafe.allocateUninitializedArray(int): unavailable: class io.netty.util.internal.PlatformDependent0$7 cannot access class jdk.internal.misc.Unsafe (in module java.base) because module java.base does not export jdk.internal.misc to unnamed module @3159c4b8
2023-05-26 18:36:53,574 DEBUG [main] PlatformDependent0:482 - java.nio.DirectByteBuffer.<init>(long, int): unavailable
2023-05-26 18:36:53,575 DEBUG [main] PlatformDependent:1159 - sun.misc.Unsafe: available
2023-05-26 18:36:53,593 DEBUG [main] PlatformDependent:1270 - maxDirectMemory: 4225761280 bytes (maybe)
2023-05-26 18:36:53,597 DEBUG [main] PlatformDependent:1289 - -Dio.netty.tmpdir: C:\Users\GOSHAL~1.PRA\AppData\Local\Temp (java.io.tmpdir)
2023-05-26 18:36:53,597 DEBUG [main] PlatformDependent:1368 - -Dio.netty.bitMode: 64 (sun.arch.data.model)
2023-05-26 18:36:53,598 DEBUG [main] PlatformDependent:1119 - Platform: Windows
2023-05-26 18:36:53,600 DEBUG [main] PlatformDependent:178 - -Dio.netty.maxDirectMemory: -1 bytes
2023-05-26 18:36:53,600 DEBUG [main] PlatformDependent:185 - -Dio.netty.uninitializedArrayAllocationThreshold: -1
2023-05-26 18:36:53,603 DEBUG [main] CleanerJava9:71 - java.nio.ByteBuffer.cleaner(): available
2023-05-26 18:36:53,603 DEBUG [main] PlatformDependent:205 - -Dio.netty.noPreferDirect: false
2023-05-26 18:36:53,616 DEBUG [main] PlatformDependent:1010 - org.jctools-core.MpscChunkedArrayQueue: available
2023-05-26 18:36:53,639 DEBUG [main] InternalThreadLocalMap:86 - -Dio.netty.threadLocalMap.stringBuilder.initialSize: 1024
2023-05-26 18:36:53,639 DEBUG [main] InternalThreadLocalMap:89 - -Dio.netty.threadLocalMap.stringBuilder.maxSize: 4096
2023-05-26 18:36:53,746 DEBUG [main] JdkSslContext:83 - Default protocols (JDK): [TLSv1.3, TLSv1.2] 
2023-05-26 18:36:53,746 DEBUG [main] JdkSslContext:84 - Default cipher suites (JDK): [TLS_ECDHE_ECDSA_WITH_AES_256_GCM_SHA384, TLS_ECDHE_ECDSA_WITH_AES_128_GCM_SHA256, TLS_ECDHE_RSA_WITH_AES_128_GCM_SHA256, TLS_ECDHE_RSA_WITH_AES_256_GCM_SHA384, TLS_ECDHE_RSA_WITH_AES_128_CBC_SHA, TLS_ECDHE_RSA_WITH_AES_256_CBC_SHA, TLS_RSA_WITH_AES_128_GCM_SHA256, TLS_RSA_WITH_AES_128_CBC_SHA, TLS_RSA_WITH_AES_256_CBC_SHA, TLS_AES_128_GCM_SHA256, TLS_AES_256_GCM_SHA384]
2023-05-26 18:36:53,784 DEBUG [main] MultithreadEventLoopGroup:44 - -Dio.netty.eventLoopThreads: 16
2023-05-26 18:36:53,798 DEBUG [main] NioEventLoop:110 - -Dio.netty.noKeySetOptimization: false
2023-05-26 18:36:53,799 DEBUG [main] NioEventLoop:111 - -Dio.netty.selectorAutoRebuildThreshold: 512
2023-05-26 18:36:53,889 DEBUG [main] PooledByteBufAllocator:157 - -Dio.netty.allocator.numHeapArenas: 16
2023-05-26 18:36:53,889 DEBUG [main] PooledByteBufAllocator:158 - -Dio.netty.allocator.numDirectArenas: 16
2023-05-26 18:36:53,890 DEBUG [main] PooledByteBufAllocator:160 - -Dio.netty.allocator.pageSize: 8192
2023-05-26 18:36:53,890 DEBUG [main] PooledByteBufAllocator:165 - -Dio.netty.allocator.maxOrder: 9
2023-05-26 18:36:53,890 DEBUG [main] PooledByteBufAllocator:169 - -Dio.netty.allocator.chunkSize: 4194304
2023-05-26 18:36:53,890 DEBUG [main] PooledByteBufAllocator:170 - -Dio.netty.allocator.smallCacheSize: 256
2023-05-26 18:36:53,890 DEBUG [main] PooledByteBufAllocator:171 - -Dio.netty.allocator.normalCacheSize: 64
2023-05-26 18:36:53,890 DEBUG [main] PooledByteBufAllocator:172 - -Dio.netty.allocator.maxCachedBufferCapacity: 32768
2023-05-26 18:36:53,890 DEBUG [main] PooledByteBufAllocator:173 - -Dio.netty.allocator.cacheTrimInterval: 8192
2023-05-26 18:36:53,891 DEBUG [main] PooledByteBufAllocator:174 - -Dio.netty.allocator.cacheTrimIntervalMillis: 0
2023-05-26 18:36:53,891 DEBUG [main] PooledByteBufAllocator:175 - -Dio.netty.allocator.useCacheForAllThreads: false
2023-05-26 18:36:53,891 DEBUG [main] PooledByteBufAllocator:176 - -Dio.netty.allocator.maxCachedByteBuffersPerChunk: 1023
2023-05-26 18:36:53,905 DEBUG [main] ByteBufUtil:87 - -Dio.netty.allocator.type: pooled
2023-05-26 18:36:53,905 DEBUG [main] ByteBufUtil:96 - -Dio.netty.threadLocalDirectBufferSize: 0
2023-05-26 18:36:53,905 DEBUG [main] ByteBufUtil:99 - -Dio.netty.maxThreadLocalCharBufferSize: 16384
2023-05-26 18:36:54,739 DEBUG [Forwarding newSession on session null to remote] DefaultChannelId:79 - -Dio.netty.processId: 42408 (auto-detected)
2023-05-26 18:36:54,743 DEBUG [Forwarding newSession on session null to remote] NetUtil:136 - -Djava.net.preferIPv4Stack: false
2023-05-26 18:36:54,744 DEBUG [Forwarding newSession on session null to remote] NetUtil:137 - -Djava.net.preferIPv6Addresses: false
2023-05-26 18:36:54,757 DEBUG [Forwarding newSession on session null to remote] NetUtilInitializations:129 - Loopback interface: lo (Software Loopback Interface 1, 127.0.0.1)
2023-05-26 18:36:54,760 DEBUG [Forwarding newSession on session null to remote] NetUtil:191 - Failed to get SOMAXCONN from sysctl and file \proc\sys\net\core\somaxconn. Default: 200
2023-05-26 18:36:54,810 DEBUG [Forwarding newSession on session null to remote] DefaultChannelId:101 - -Dio.netty.machineId: c8:94:02:ff:fe:82:7f:e5 (auto-detected)
2023-05-26 18:36:54,876 DEBUG [AsyncHttpClient-1-2] AbstractByteBuf:63 - -Dio.netty.buffer.checkAccessible: true
2023-05-26 18:36:54,876 DEBUG [AsyncHttpClient-1-2] AbstractByteBuf:64 - -Dio.netty.buffer.checkBounds: true
2023-05-26 18:36:54,877 DEBUG [AsyncHttpClient-1-2] ResourceLeakDetectorFactory:196 - Loaded default ResourceLeakDetector: io.netty.util.ResourceLeakDetector@89137da
2023-05-26 18:36:54,911 DEBUG [AsyncHttpClient-1-2] Recycler:85 - -Dio.netty.recycler.maxCapacityPerThread: 4096
2023-05-26 18:36:54,911 DEBUG [AsyncHttpClient-1-2] Recycler:86 - -Dio.netty.recycler.ratio: 8
2023-05-26 18:36:54,911 DEBUG [AsyncHttpClient-1-2] Recycler:87 - -Dio.netty.recycler.chunkSize: 32
2023-05-26 18:36:54,912 DEBUG [AsyncHttpClient-1-2] Recycler:88 - -Dio.netty.recycler.blocking: false
2023-05-26 18:36:55,869 DEBUG [AsyncHttpClient-1-2] Brotli:38 - brotli4j not in the classpath; Brotli support will be unavailable.
2023-05-26 18:36:56,107 DEBUG [main] ThreadLocalRandom:214 - -Dio.netty.initialSeedUniquifier: 0x9ee5ef23e04e1bdf
2023-05-26 18:36:59,039  INFO [main] BaseClass:61 - Url loaded
2023-05-26 18:36:59,050  INFO [main] BaseClass:24 - Loginsteps constructor
