2023-05-26 18:15:28,558 DEBUG [main] InternalLoggerFactory:89 - Using Log4J as the default logging framework
2023-05-26 18:15:28,569 DEBUG [main] ResourceLeakDetector:129 - -Dio.netty.leakDetection.level: simple
2023-05-26 18:15:28,570 DEBUG [main] ResourceLeakDetector:130 - -Dio.netty.leakDetection.targetRecords: 4
2023-05-26 18:15:28,582 DEBUG [main] ResourceLeakDetectorFactory:196 - Loaded default ResourceLeakDetector: io.netty.util.ResourceLeakDetector@68ba310d
2023-05-26 18:15:28,627 DEBUG [main] PlatformDependent0:496 - -Dio.netty.noUnsafe: false
2023-05-26 18:15:28,628 DEBUG [main] PlatformDependent0:1000 - Java version: 17
2023-05-26 18:15:28,631 DEBUG [main] PlatformDependent0:137 - sun.misc.Unsafe.theUnsafe: available
2023-05-26 18:15:28,634 DEBUG [main] PlatformDependent0:161 - sun.misc.Unsafe.copyMemory: available
2023-05-26 18:15:28,635 DEBUG [main] PlatformDependent0:193 - sun.misc.Unsafe.storeFence: available
2023-05-26 18:15:28,637 DEBUG [main] PlatformDependent0:236 - java.nio.Buffer.address: available
2023-05-26 18:15:28,638 DEBUG [main] PlatformDependent0:320 - direct buffer constructor: unavailable: Reflective setAccessible(true) disabled
2023-05-26 18:15:28,639 DEBUG [main] PlatformDependent0:385 - java.nio.Bits.unaligned: available, true
2023-05-26 18:15:28,643 DEBUG [main] PlatformDependent0:452 - jdk.internal.misc.Unsafe.allocateUninitializedArray(int): unavailable: class io.netty.util.internal.PlatformDependent0$7 cannot access class jdk.internal.misc.Unsafe (in module java.base) because module java.base does not export jdk.internal.misc to unnamed module @475530b9
2023-05-26 18:15:28,648 DEBUG [main] PlatformDependent0:482 - java.nio.DirectByteBuffer.<init>(long, int): unavailable
2023-05-26 18:15:28,648 DEBUG [main] PlatformDependent:1159 - sun.misc.Unsafe: available
2023-05-26 18:15:28,669 DEBUG [main] PlatformDependent:1270 - maxDirectMemory: 4225761280 bytes (maybe)
2023-05-26 18:15:28,671 DEBUG [main] PlatformDependent:1289 - -Dio.netty.tmpdir: C:\Users\GOSHAL~1.PRA\AppData\Local\Temp (java.io.tmpdir)
2023-05-26 18:15:28,672 DEBUG [main] PlatformDependent:1368 - -Dio.netty.bitMode: 64 (sun.arch.data.model)
2023-05-26 18:15:28,673 DEBUG [main] PlatformDependent:1119 - Platform: Windows
2023-05-26 18:15:28,675 DEBUG [main] PlatformDependent:178 - -Dio.netty.maxDirectMemory: -1 bytes
2023-05-26 18:15:28,675 DEBUG [main] PlatformDependent:185 - -Dio.netty.uninitializedArrayAllocationThreshold: -1
2023-05-26 18:15:28,677 DEBUG [main] CleanerJava9:71 - java.nio.ByteBuffer.cleaner(): available
2023-05-26 18:15:28,677 DEBUG [main] PlatformDependent:205 - -Dio.netty.noPreferDirect: false
2023-05-26 18:15:28,685 DEBUG [main] PlatformDependent:1010 - org.jctools-core.MpscChunkedArrayQueue: available
2023-05-26 18:15:28,717 DEBUG [main] InternalThreadLocalMap:86 - -Dio.netty.threadLocalMap.stringBuilder.initialSize: 1024
2023-05-26 18:15:28,717 DEBUG [main] InternalThreadLocalMap:89 - -Dio.netty.threadLocalMap.stringBuilder.maxSize: 4096
2023-05-26 18:15:28,814 DEBUG [main] JdkSslContext:83 - Default protocols (JDK): [TLSv1.3, TLSv1.2] 
2023-05-26 18:15:28,815 DEBUG [main] JdkSslContext:84 - Default cipher suites (JDK): [TLS_ECDHE_ECDSA_WITH_AES_256_GCM_SHA384, TLS_ECDHE_ECDSA_WITH_AES_128_GCM_SHA256, TLS_ECDHE_RSA_WITH_AES_128_GCM_SHA256, TLS_ECDHE_RSA_WITH_AES_256_GCM_SHA384, TLS_ECDHE_RSA_WITH_AES_128_CBC_SHA, TLS_ECDHE_RSA_WITH_AES_256_CBC_SHA, TLS_RSA_WITH_AES_128_GCM_SHA256, TLS_RSA_WITH_AES_128_CBC_SHA, TLS_RSA_WITH_AES_256_CBC_SHA, TLS_AES_128_GCM_SHA256, TLS_AES_256_GCM_SHA384]
2023-05-26 18:15:28,858 DEBUG [main] MultithreadEventLoopGroup:44 - -Dio.netty.eventLoopThreads: 16
2023-05-26 18:15:28,878 DEBUG [main] NioEventLoop:110 - -Dio.netty.noKeySetOptimization: false
2023-05-26 18:15:28,879 DEBUG [main] NioEventLoop:111 - -Dio.netty.selectorAutoRebuildThreshold: 512
2023-05-26 18:15:28,950 DEBUG [main] PooledByteBufAllocator:157 - -Dio.netty.allocator.numHeapArenas: 16
2023-05-26 18:15:28,951 DEBUG [main] PooledByteBufAllocator:158 - -Dio.netty.allocator.numDirectArenas: 16
2023-05-26 18:15:28,951 DEBUG [main] PooledByteBufAllocator:160 - -Dio.netty.allocator.pageSize: 8192
2023-05-26 18:15:28,951 DEBUG [main] PooledByteBufAllocator:165 - -Dio.netty.allocator.maxOrder: 9
2023-05-26 18:15:28,951 DEBUG [main] PooledByteBufAllocator:169 - -Dio.netty.allocator.chunkSize: 4194304
2023-05-26 18:15:28,951 DEBUG [main] PooledByteBufAllocator:170 - -Dio.netty.allocator.smallCacheSize: 256
2023-05-26 18:15:28,951 DEBUG [main] PooledByteBufAllocator:171 - -Dio.netty.allocator.normalCacheSize: 64
2023-05-26 18:15:28,951 DEBUG [main] PooledByteBufAllocator:172 - -Dio.netty.allocator.maxCachedBufferCapacity: 32768
2023-05-26 18:15:28,951 DEBUG [main] PooledByteBufAllocator:173 - -Dio.netty.allocator.cacheTrimInterval: 8192
2023-05-26 18:15:28,952 DEBUG [main] PooledByteBufAllocator:174 - -Dio.netty.allocator.cacheTrimIntervalMillis: 0
2023-05-26 18:15:28,952 DEBUG [main] PooledByteBufAllocator:175 - -Dio.netty.allocator.useCacheForAllThreads: false
2023-05-26 18:15:28,952 DEBUG [main] PooledByteBufAllocator:176 - -Dio.netty.allocator.maxCachedByteBuffersPerChunk: 1023
2023-05-26 18:15:28,970 DEBUG [main] ByteBufUtil:87 - -Dio.netty.allocator.type: pooled
2023-05-26 18:15:28,970 DEBUG [main] ByteBufUtil:96 - -Dio.netty.threadLocalDirectBufferSize: 0
2023-05-26 18:15:28,970 DEBUG [main] ByteBufUtil:99 - -Dio.netty.maxThreadLocalCharBufferSize: 16384
2023-05-26 18:15:29,517 DEBUG [Forwarding newSession on session null to remote] DefaultChannelId:79 - -Dio.netty.processId: 41248 (auto-detected)
2023-05-26 18:15:29,520 DEBUG [Forwarding newSession on session null to remote] NetUtil:136 - -Djava.net.preferIPv4Stack: false
2023-05-26 18:15:29,520 DEBUG [Forwarding newSession on session null to remote] NetUtil:137 - -Djava.net.preferIPv6Addresses: false
2023-05-26 18:15:29,534 DEBUG [Forwarding newSession on session null to remote] NetUtilInitializations:129 - Loopback interface: lo (Software Loopback Interface 1, 127.0.0.1)
2023-05-26 18:15:29,536 DEBUG [Forwarding newSession on session null to remote] NetUtil:191 - Failed to get SOMAXCONN from sysctl and file \proc\sys\net\core\somaxconn. Default: 200
2023-05-26 18:15:29,587 DEBUG [Forwarding newSession on session null to remote] DefaultChannelId:101 - -Dio.netty.machineId: c8:94:02:ff:fe:82:7f:e5 (auto-detected)
2023-05-26 18:15:29,662 DEBUG [AsyncHttpClient-1-2] AbstractByteBuf:63 - -Dio.netty.buffer.checkAccessible: true
2023-05-26 18:15:29,662 DEBUG [AsyncHttpClient-1-2] AbstractByteBuf:64 - -Dio.netty.buffer.checkBounds: true
2023-05-26 18:15:29,663 DEBUG [AsyncHttpClient-1-2] ResourceLeakDetectorFactory:196 - Loaded default ResourceLeakDetector: io.netty.util.ResourceLeakDetector@7013243a
2023-05-26 18:15:29,698 DEBUG [AsyncHttpClient-1-2] Recycler:85 - -Dio.netty.recycler.maxCapacityPerThread: 4096
2023-05-26 18:15:29,699 DEBUG [AsyncHttpClient-1-2] Recycler:86 - -Dio.netty.recycler.ratio: 8
2023-05-26 18:15:29,699 DEBUG [AsyncHttpClient-1-2] Recycler:87 - -Dio.netty.recycler.chunkSize: 32
2023-05-26 18:15:29,699 DEBUG [AsyncHttpClient-1-2] Recycler:88 - -Dio.netty.recycler.blocking: false
2023-05-26 18:15:30,634 DEBUG [AsyncHttpClient-1-2] Brotli:38 - brotli4j not in the classpath; Brotli support will be unavailable.
2023-05-26 18:15:30,837 DEBUG [main] ThreadLocalRandom:214 - -Dio.netty.initialSeedUniquifier: 0xbf761e2b327a79e5
2023-05-26 18:15:35,897  INFO [main] BaseClass:61 - Url loaded
2023-05-26 18:15:45,188  INFO [main] BaseClass:61 - Url loaded
2023-05-26 18:15:45,189  INFO [main] BaseClass:24 - Loginsteps constructor
